Step 0: 86291.09375
Step 100: 24513.62890625
Step 200: 17800.041015625
Step 300: 15492.494140625
Step 400: 14355.09765625
Step 500: 13272.14453125
Step 600: 13001.345703125
Step 700: 12102.453125
Step 800: 12001.2197265625
Step 900: 11499.3154296875
Step 1000: 11341.669921875
Step 1100: 10896.2802734375
Step 1200: 10505.06640625
Step 1300: 10729.1181640625
Step 1400: 10182.326171875
Step 1500: 10359.625
Step 1600: 9965.173828125
Step 1700: 10029.486328125
Step 1800: 9871.41015625
Step 1900: 9783.98828125
Step 2000: 9683.353515625
Step 2100: 9783.60546875
Step 2200: 9453.009765625
Step 2300: 9386.6962890625
Step 2400: 9259.6611328125
Step 2500: 9209.091796875
Step 2600: 9161.6005859375
Step 2700: 9130.353515625
Step 2800: 9162.15234375
Step 2900: 8961.412109375
Step 3000: 8935.24609375
Step 3100: 8768.8349609375
Step 3200: 8918.6953125
Step 3300: 8765.2001953125
Step 3400: 8703.439453125
Step 3500: 8555.33984375
Step 3600: 8591.509765625
Step 3700: 8546.3359375
Step 3800: 8420.392578125
Step 3900: 8442.091796875
Step 4000: 8353.3115234375
Step 4100: 8410.48828125
Step 4200: 8210.5546875
Step 4300: 8265.533203125
Step 4400: 8079.16064453125
Step 4500: 8057.67578125
Step 4600: 7995.9208984375
Step 4700: 7973.3173828125
Step 4800: 7914.75390625

 training complete! 

all info: /gpfs/radev/project/lafferty/tl784/AIscientist/free_PhD_labor/templates/sae_variants/run_0/final_info.json

Running absorption evaluation...
Loaded pretrained model google/gemma-2-2b into HookedTransformer
[PosixPath('/gpfs/radev/project/lafferty/tl784/AIscientist/free_PhD_labor/artifacts/absorption/k_sparse_probing/google/gemma-2-2b_layer_19_sae_custom_sae/layer_19_google/gemma-2-2b_layer_19_sae_custom_sae_metrics.parquet')] exist(s), loading from disk
[PosixPath('/gpfs/radev/project/lafferty/tl784/AIscientist/free_PhD_labor/artifacts/absorption/feature_absorption/google/gemma-2-2b_layer_19_sae_custom_sae/layer_19_google/gemma-2-2b_layer_19_sae_custom_sae.parquet')] exist(s), loading from disk

Running core evaluation...
Using device: cuda
Loaded pretrained model google/gemma-2-2b into HookedTransformer
Saved evaluation results to: run_0/google_gemma-2-2b_layer_19_sae_custom_sae_eval_results.json

Running scr_and_tpp evaluation...
Loaded pretrained model google/gemma-2-2b into HookedTransformer
Loading activations from artifacts/scr/google/gemma-2-2b/blocks.19.hook_resid_post/LabHC_bias_in_bios_class_set1_professor_nurse_activations.pt
Loading probes from artifacts/scr/google/gemma-2-2b/blocks.19.hook_resid_post/LabHC_bias_in_bios_class_set1_professor_nurse_probes.pkl
dir: 1, original_acc: 0.8980000615119934, clean_acc: 0.9650000333786011, changed_acc: 0.9180000424385071, scr_score: 0.2985073033512948
dir: 1, original_acc: 0.8980000615119934, clean_acc: 0.9650000333786011, changed_acc: 0.9310000538825989, scr_score: 0.49253740637841137
dir: 1, original_acc: 0.8980000615119934, clean_acc: 0.9650000333786011, changed_acc: 0.9280000329017639, scr_score: 0.4477609550269422
dir: 1, original_acc: 0.8980000615119934, clean_acc: 0.9650000333786011, changed_acc: 0.9190000295639038, scr_score: 0.3134324905944721
dir: 1, original_acc: 0.8980000615119934, clean_acc: 0.9650000333786011, changed_acc: 0.9020000696182251, scr_score: 0.05970163859464643
dir: 1, original_acc: 0.8980000615119934, clean_acc: 0.9650000333786011, changed_acc: 0.8980000615119934, scr_score: 0.0
dir: 1, original_acc: 0.8980000615119934, clean_acc: 0.9650000333786011, changed_acc: 0.8400000333786011, scr_score: -0.8656724251894672
dir: 2, original_acc: 0.5960000157356262, clean_acc: 0.9920000433921814, changed_acc: 0.6110000014305115, scr_score: 0.03787874910931702
dir: 2, original_acc: 0.5960000157356262, clean_acc: 0.9920000433921814, changed_acc: 0.6230000257492065, scr_score: 0.06818183870683217
dir: 2, original_acc: 0.5960000157356262, clean_acc: 0.9920000433921814, changed_acc: 0.6270000338554382, scr_score: 0.07828286857267056
dir: 2, original_acc: 0.5960000157356262, clean_acc: 0.9920000433921814, changed_acc: 0.6440000534057617, scr_score: 0.12121220787329137
dir: 2, original_acc: 0.5960000157356262, clean_acc: 0.9920000433921814, changed_acc: 0.6530000567436218, scr_score: 0.14393948744223542
dir: 2, original_acc: 0.5960000157356262, clean_acc: 0.9920000433921814, changed_acc: 0.6670000553131104, scr_score: 0.17929301671428516
dir: 2, original_acc: 0.5960000157356262, clean_acc: 0.9920000433921814, changed_acc: 0.6880000233650208, scr_score: 0.23232323536397514
Loading activations from artifacts/scr/google/gemma-2-2b/blocks.19.hook_resid_post/LabHC_bias_in_bios_class_set1_architect_journalist_activations.pt
Loading probes from artifacts/scr/google/gemma-2-2b/blocks.19.hook_resid_post/LabHC_bias_in_bios_class_set1_architect_journalist_probes.pkl
dir: 1, original_acc: 0.8450000286102295, clean_acc: 0.9550000429153442, changed_acc: 0.8550000190734863, scr_score: 0.09090899238902972
dir: 1, original_acc: 0.8450000286102295, clean_acc: 0.9550000429153442, changed_acc: 0.8810000419616699, scr_score: 0.32727280608877624
dir: 1, original_acc: 0.8450000286102295, clean_acc: 0.9550000429153442, changed_acc: 0.8870000243186951, scr_score: 0.3818180931501267
dir: 1, original_acc: 0.8450000286102295, clean_acc: 0.9550000429153442, changed_acc: 0.8870000243186951, scr_score: 0.3818180931501267
dir: 1, original_acc: 0.8450000286102295, clean_acc: 0.9550000429153442, changed_acc: 0.8860000371932983, scr_score: 0.3727273022832911
dir: 1, original_acc: 0.8450000286102295, clean_acc: 0.9550000429153442, changed_acc: 0.8800000548362732, scr_score: 0.31818201522194056
dir: 1, original_acc: 0.8450000286102295, clean_acc: 0.9550000429153442, changed_acc: 0.8260000348091125, scr_score: -0.17272719391122376
dir: 2, original_acc: 0.6490000486373901, clean_acc: 0.9900000691413879, changed_acc: 0.6720000505447388, scr_score: 0.06744868188968037
dir: 2, original_acc: 0.6490000486373901, clean_acc: 0.9900000691413879, changed_acc: 0.7010000348091125, scr_score: 0.15249261890033458
dir: 2, original_acc: 0.6490000486373901, clean_acc: 0.9900000691413879, changed_acc: 0.737000048160553, scr_score: 0.2580644992135159
dir: 2, original_acc: 0.6490000486373901, clean_acc: 0.9900000691413879, changed_acc: 0.7890000343322754, scr_score: 0.4105571181138505
dir: 2, original_acc: 0.6490000486373901, clean_acc: 0.9900000691413879, changed_acc: 0.8030000329017639, scr_score: 0.4516128299252355
dir: 2, original_acc: 0.6490000486373901, clean_acc: 0.9900000691413879, changed_acc: 0.8020000457763672, scr_score: 0.4486803165373514
dir: 2, original_acc: 0.6490000486373901, clean_acc: 0.9900000691413879, changed_acc: 0.690000057220459, scr_score: 0.12023462204627103
Loading activations from artifacts/scr/google/gemma-2-2b/blocks.19.hook_resid_post/LabHC_bias_in_bios_class_set1_surgeon_psychologist_activations.pt
Loading probes from artifacts/scr/google/gemma-2-2b/blocks.19.hook_resid_post/LabHC_bias_in_bios_class_set1_surgeon_psychologist_probes.pkl
dir: 1, original_acc: 0.9160000681877136, clean_acc: 0.971000075340271, changed_acc: 0.9430000185966492, scr_score: 0.4909081254124912
dir: 1, original_acc: 0.9160000681877136, clean_acc: 0.971000075340271, changed_acc: 0.9450000524520874, scr_score: 0.527272372600507
dir: 1, original_acc: 0.9160000681877136, clean_acc: 0.971000075340271, changed_acc: 0.9420000314712524, scr_score: 0.4727265436788199
dir: 1, original_acc: 0.9160000681877136, clean_acc: 0.971000075340271, changed_acc: 0.937000036239624, scr_score: 0.38181755128979017
dir: 1, original_acc: 0.9160000681877136, clean_acc: 0.971000075340271, changed_acc: 0.9350000619888306, scr_score: 0.34545438782244753
dir: 1, original_acc: 0.9160000681877136, clean_acc: 0.971000075340271, changed_acc: 0.9200000166893005, scr_score: 0.07272632693468524
dir: 1, original_acc: 0.9160000681877136, clean_acc: 0.971000075340271, changed_acc: 0.8550000190734863, scr_score: -1.1090916578433743
dir: 2, original_acc: 0.5800000429153442, clean_acc: 0.987000048160553, changed_acc: 0.5890000462532043, scr_score: 0.02211303002917113
dir: 2, original_acc: 0.5800000429153442, clean_acc: 0.987000048160553, changed_acc: 0.6000000238418579, scr_score: 0.04914000164315505
dir: 2, original_acc: 0.5800000429153442, clean_acc: 0.987000048160553, changed_acc: 0.6220000386238098, scr_score: 0.10319409131987967
dir: 2, original_acc: 0.5800000429153442, clean_acc: 0.987000048160553, changed_acc: 0.656000018119812, scr_score: 0.1867321234029946
dir: 2, original_acc: 0.5800000429153442, clean_acc: 0.987000048160553, changed_acc: 0.6860000491142273, scr_score: 0.260442272316484
dir: 2, original_acc: 0.5800000429153442, clean_acc: 0.987000048160553, changed_acc: 0.6380000114440918, scr_score: 0.14250606334465235
dir: 2, original_acc: 0.5800000429153442, clean_acc: 0.987000048160553, changed_acc: 0.6220000386238098, scr_score: 0.10319409131987967
Loading activations from artifacts/scr/google/gemma-2-2b/blocks.19.hook_resid_post/LabHC_bias_in_bios_class_set1_attorney_teacher_activations.pt
Loading probes from artifacts/scr/google/gemma-2-2b/blocks.19.hook_resid_post/LabHC_bias_in_bios_class_set1_attorney_teacher_probes.pkl
dir: 1, original_acc: 0.8400000333786011, clean_acc: 0.9690000414848328, changed_acc: 0.89000004529953, scr_score: 0.3875969672789003
dir: 1, original_acc: 0.8400000333786011, clean_acc: 0.9690000414848328, changed_acc: 0.8820000290870667, scr_score: 0.3255813416219208
dir: 1, original_acc: 0.8400000333786011, clean_acc: 0.9690000414848328, changed_acc: 0.8740000128746033, scr_score: 0.2635657159649414
dir: 1, original_acc: 0.8400000333786011, clean_acc: 0.9690000414848328, changed_acc: 0.8630000352859497, scr_score: 0.17829457722520528
dir: 1, original_acc: 0.8400000333786011, clean_acc: 0.9690000414848328, changed_acc: 0.8330000638961792, scr_score: -0.05426332591124638
dir: 1, original_acc: 0.8400000333786011, clean_acc: 0.9690000414848328, changed_acc: 0.8250000476837158, scr_score: -0.11627895156822583
dir: 1, original_acc: 0.8400000333786011, clean_acc: 0.9690000414848328, changed_acc: 0.7920000553131104, scr_score: -0.372092829838915
dir: 2, original_acc: 0.6600000262260437, clean_acc: 0.9950000643730164, changed_acc: 0.687000036239624, scr_score: 0.08059703563894749
dir: 2, original_acc: 0.6600000262260437, clean_acc: 0.9950000643730164, changed_acc: 0.7190000414848328, scr_score: 0.1761194284787046
dir: 2, original_acc: 0.6600000262260437, clean_acc: 0.9950000643730164, changed_acc: 0.7670000195503235, scr_score: 0.31940292877619403
dir: 2, original_acc: 0.6600000262260437, clean_acc: 0.9950000643730164, changed_acc: 0.7930000424385071, scr_score: 0.39701492855983805
dir: 2, original_acc: 0.6600000262260437, clean_acc: 0.9950000643730164, changed_acc: 0.7910000085830688, scr_score: 0.3910446789249387
dir: 2, original_acc: 0.6600000262260437, clean_acc: 0.9950000643730164, changed_acc: 0.7830000519752502, scr_score: 0.3671642141582188
dir: 2, original_acc: 0.6600000262260437, clean_acc: 0.9950000643730164, changed_acc: 0.7400000095367432, scr_score: 0.23880589313724654
Loading activations from artifacts/scr/google/gemma-2-2b/blocks.19.hook_resid_post/canrager_amazon_reviews_mcauley_1and5_Books_CDs_and_Vinyl_activations.pt
Loading probes from artifacts/scr/google/gemma-2-2b/blocks.19.hook_resid_post/canrager_amazon_reviews_mcauley_1and5_Books_CDs_and_Vinyl_probes.pkl
dir: 1, original_acc: 0.8240000605583191, clean_acc: 0.9900000691413879, changed_acc: 0.8290000557899475, scr_score: 0.03012045164519583
dir: 1, original_acc: 0.8240000605583191, clean_acc: 0.9900000691413879, changed_acc: 0.8290000557899475, scr_score: 0.03012045164519583
dir: 1, original_acc: 0.8240000605583191, clean_acc: 0.9900000691413879, changed_acc: 0.8360000252723694, scr_score: 0.07228894032282736
dir: 1, original_acc: 0.8240000605583191, clean_acc: 0.9900000691413879, changed_acc: 0.8330000638961792, scr_score: 0.05421688477417381
dir: 1, original_acc: 0.8240000605583191, clean_acc: 0.9900000691413879, changed_acc: 0.8370000123977661, scr_score: 0.07831295883904521
dir: 1, original_acc: 0.8240000605583191, clean_acc: 0.9900000691413879, changed_acc: 0.8060000538825989, scr_score: -0.10843376954834762
dir: 1, original_acc: 0.8240000605583191, clean_acc: 0.9900000691413879, changed_acc: 0.8080000281333923, scr_score: -0.09638573251591193
dir: 2, original_acc: 0.6720000505447388, clean_acc: 0.9460000395774841, changed_acc: 0.781000018119812, scr_score: 0.39781011656189086
dir: 2, original_acc: 0.6720000505447388, clean_acc: 0.9460000395774841, changed_acc: 0.8080000281333923, scr_score: 0.4963503030374224
dir: 2, original_acc: 0.6720000505447388, clean_acc: 0.9460000395774841, changed_acc: 0.8240000605583191, scr_score: 0.55474458429783
dir: 2, original_acc: 0.6720000505447388, clean_acc: 0.9460000395774841, changed_acc: 0.8400000333786011, scr_score: 0.6131386480230292
dir: 2, original_acc: 0.6720000505447388, clean_acc: 0.9460000395774841, changed_acc: 0.859000027179718, scr_score: 0.6824816938683568
dir: 2, original_acc: 0.6720000505447388, clean_acc: 0.9460000395774841, changed_acc: 0.8630000352859497, scr_score: 0.6970802641834588
dir: 2, original_acc: 0.6720000505447388, clean_acc: 0.9460000395774841, changed_acc: 0.8850000500679016, scr_score: 0.777372292148915
Loading activations from artifacts/scr/google/gemma-2-2b/blocks.19.hook_resid_post/canrager_amazon_reviews_mcauley_1and5_Software_Electronics_activations.pt
Loading probes from artifacts/scr/google/gemma-2-2b/blocks.19.hook_resid_post/canrager_amazon_reviews_mcauley_1and5_Software_Electronics_probes.pkl
dir: 1, original_acc: 0.8090000152587891, clean_acc: 0.9790000319480896, changed_acc: 0.8230000138282776, scr_score: 0.08235292467691656
dir: 1, original_acc: 0.8090000152587891, clean_acc: 0.9790000319480896, changed_acc: 0.8300000429153442, scr_score: 0.12352956232313639
dir: 1, original_acc: 0.8090000152587891, clean_acc: 0.9790000319480896, changed_acc: 0.8410000205039978, scr_score: 0.18823530649231257
dir: 1, original_acc: 0.8090000152587891, clean_acc: 0.9790000319480896, changed_acc: 0.8470000624656677, scr_score: 0.2235296675077933
dir: 1, original_acc: 0.8090000152587891, clean_acc: 0.9790000319480896, changed_acc: 0.8470000624656677, scr_score: 0.2235296675077933
dir: 1, original_acc: 0.8090000152587891, clean_acc: 0.9790000319480896, changed_acc: 0.8500000238418579, scr_score: 0.2411764974000106
dir: 1, original_acc: 0.8090000152587891, clean_acc: 0.9790000319480896, changed_acc: 0.8490000367164612, scr_score: 0.2352942207692715
dir: 2, original_acc: 0.6890000104904175, clean_acc: 0.9550000429153442, changed_acc: 0.6970000267028809, scr_score: 0.03007524525291637
dir: 2, original_acc: 0.6890000104904175, clean_acc: 0.9550000429153442, changed_acc: 0.7090000510215759, scr_score: 0.07518811313229093
dir: 2, original_acc: 0.6890000104904175, clean_acc: 0.9550000429153442, changed_acc: 0.7240000367164612, scr_score: 0.13157902992332066
dir: 2, original_acc: 0.6890000104904175, clean_acc: 0.9550000429153442, changed_acc: 0.7380000352859497, scr_score: 0.184210597077132
dir: 2, original_acc: 0.6890000104904175, clean_acc: 0.9550000429153442, changed_acc: 0.7560000419616699, scr_score: 0.25187978685740153
dir: 2, original_acc: 0.6890000104904175, clean_acc: 0.9550000429153442, changed_acc: 0.7760000228881836, scr_score: 0.32706767591210784
dir: 2, original_acc: 0.6890000104904175, clean_acc: 0.9550000429153442, changed_acc: 0.8060000538825989, scr_score: 0.4398497335717519
Loading activations from artifacts/scr/google/gemma-2-2b/blocks.19.hook_resid_post/canrager_amazon_reviews_mcauley_1and5_Pet_Supplies_Office_Products_activations.pt
Loading probes from artifacts/scr/google/gemma-2-2b/blocks.19.hook_resid_post/canrager_amazon_reviews_mcauley_1and5_Pet_Supplies_Office_Products_probes.pkl
dir: 1, original_acc: 0.8690000176429749, clean_acc: 0.9810000658035278, changed_acc: 0.8730000257492065, scr_score: 0.03571434273401066
dir: 1, original_acc: 0.8690000176429749, clean_acc: 0.9810000658035278, changed_acc: 0.8880000710487366, scr_score: 0.16964326103257552
dir: 1, original_acc: 0.8690000176429749, clean_acc: 0.9810000658035278, changed_acc: 0.8920000195503235, scr_score: 0.20535707158248667
dir: 1, original_acc: 0.8690000176429749, clean_acc: 0.9810000658035278, changed_acc: 0.8540000319480896, scr_score: -0.13392838611446534
dir: 1, original_acc: 0.8690000176429749, clean_acc: 0.9810000658035278, changed_acc: 0.8250000476837158, scr_score: -0.39285670570591824
dir: 1, original_acc: 0.8690000176429749, clean_acc: 0.9810000658035278, changed_acc: 0.8320000171661377, scr_score: -0.33035700505947424
dir: 1, original_acc: 0.8690000176429749, clean_acc: 0.9810000658035278, changed_acc: 0.8210000395774841, scr_score: -0.42857104843992894
dir: 2, original_acc: 0.6290000081062317, clean_acc: 0.9580000638961792, changed_acc: 0.7080000042915344, scr_score: 0.24012152823384583
dir: 2, original_acc: 0.6290000081062317, clean_acc: 0.9580000638961792, changed_acc: 0.7410000562667847, scr_score: 0.3404256205721139
dir: 2, original_acc: 0.6290000081062317, clean_acc: 0.9580000638961792, changed_acc: 0.7660000324249268, scr_score: 0.41641337716417814
dir: 2, original_acc: 0.6290000081062317, clean_acc: 0.9580000638961792, changed_acc: 0.7820000648498535, scr_score: 0.46504568631838117
dir: 2, original_acc: 0.6290000081062317, clean_acc: 0.9580000638961792, changed_acc: 0.8090000152587891, scr_score: 0.5471123909701696
dir: 2, original_acc: 0.6290000081062317, clean_acc: 0.9580000638961792, changed_acc: 0.8370000123977661, scr_score: 0.6322187508209225
dir: 2, original_acc: 0.6290000081062317, clean_acc: 0.9580000638961792, changed_acc: 0.8660000562667847, scr_score: 0.7203647658706398
Loading activations from artifacts/scr/google/gemma-2-2b/blocks.19.hook_resid_post/canrager_amazon_reviews_mcauley_1and5_Industrial_and_Scientific_Toys_and_Games_activations.pt
Loading probes from artifacts/scr/google/gemma-2-2b/blocks.19.hook_resid_post/canrager_amazon_reviews_mcauley_1and5_Industrial_and_Scientific_Toys_and_Games_probes.pkl
dir: 1, original_acc: 0.753000020980835, clean_acc: 0.9610000252723694, changed_acc: 0.7640000581741333, scr_score: 0.05288479310741072
dir: 1, original_acc: 0.753000020980835, clean_acc: 0.9610000252723694, changed_acc: 0.7750000357627869, scr_score: 0.10576929965403516
dir: 1, original_acc: 0.753000020980835, clean_acc: 0.9610000252723694, changed_acc: 0.781000018119812, scr_score: 0.13461536808303157
dir: 1, original_acc: 0.753000020980835, clean_acc: 0.9610000252723694, changed_acc: 0.781000018119812, scr_score: 0.13461536808303157
dir: 1, original_acc: 0.753000020980835, clean_acc: 0.9610000252723694, changed_acc: 0.7770000100135803, scr_score: 0.11538456027677187
dir: 1, original_acc: 0.753000020980835, clean_acc: 0.9610000252723694, changed_acc: 0.7780000567436218, scr_score: 0.1201924771489265
dir: 1, original_acc: 0.753000020980835, clean_acc: 0.9610000252723694, changed_acc: 0.8010000586509705, scr_score: 0.23076940711433003
dir: 2, original_acc: 0.7430000305175781, clean_acc: 0.9610000252723694, changed_acc: 0.7630000114440918, scr_score: 0.09174303398039008
dir: 2, original_acc: 0.7430000305175781, clean_acc: 0.9610000252723694, changed_acc: 0.7680000066757202, scr_score: 0.1146787924754876
dir: 2, original_acc: 0.7430000305175781, clean_acc: 0.9610000252723694, changed_acc: 0.7730000615119934, scr_score: 0.13761482438639341
dir: 2, original_acc: 0.7430000305175781, clean_acc: 0.9610000252723694, changed_acc: 0.7860000133514404, scr_score: 0.19724763242416196
dir: 2, original_acc: 0.7430000305175781, clean_acc: 0.9610000252723694, changed_acc: 0.7980000376701355, scr_score: 0.252293616861881
dir: 2, original_acc: 0.7430000305175781, clean_acc: 0.9610000252723694, changed_acc: 0.8320000171661377, scr_score: 0.40825682931170576
dir: 2, original_acc: 0.7430000305175781, clean_acc: 0.9610000252723694, changed_acc: 0.8320000171661377, scr_score: 0.40825682931170576

Running sparse_probing evaluation...
Loaded pretrained model google/gemma-2-2b into HookedTransformer
Loading activations from artifacts/sparse_probing/google/gemma-2-2b/blocks.19.hook_resid_post/LabHC_bias_in_bios_class_set1_activations.pt
Num non-zero elements: 65536
Training probe with dim: 65536, device: cuda:0, dtype: torch.bfloat16
GPU probe training early stopping triggered after 13 epochs
Test accuracy for 0: 0.9500000476837158
Num non-zero elements: 65536
Training probe with dim: 65536, device: cuda:0, dtype: torch.bfloat16
GPU probe training early stopping triggered after 14 epochs
Test accuracy for 1: 0.9670000672340393
Num non-zero elements: 65536
Training probe with dim: 65536, device: cuda:0, dtype: torch.bfloat16
GPU probe training early stopping triggered after 20 epochs
Test accuracy for 2: 0.9570000171661377
Num non-zero elements: 65536
Training probe with dim: 65536, device: cuda:0, dtype: torch.bfloat16
GPU probe training early stopping triggered after 16 epochs
Test accuracy for 6: 0.987000048160553
Num non-zero elements: 65536
Training probe with dim: 65536, device: cuda:0, dtype: torch.bfloat16
GPU probe training early stopping triggered after 20 epochs
Test accuracy for 9: 0.9830000400543213
Num non-zero elements: 1
Test accuracy for 0: 0.842
Num non-zero elements: 1
Test accuracy for 1: 0.777
Num non-zero elements: 1
Test accuracy for 2: 0.885
Num non-zero elements: 1
Test accuracy for 6: 0.748
Num non-zero elements: 1
Test accuracy for 9: 0.942
Num non-zero elements: 2
Test accuracy for 0: 0.861
Num non-zero elements: 2
Test accuracy for 1: 0.79
Num non-zero elements: 2
Test accuracy for 2: 0.88
Num non-zero elements: 2
Test accuracy for 6: 0.974
Num non-zero elements: 2
Test accuracy for 9: 0.953
Num non-zero elements: 5
Test accuracy for 0: 0.864
Num non-zero elements: 5
Test accuracy for 1: 0.829
Num non-zero elements: 5
Test accuracy for 2: 0.904
Num non-zero elements: 5
Test accuracy for 6: 0.982
Num non-zero elements: 5
Test accuracy for 9: 0.959
Num non-zero elements: 10
Test accuracy for 0: 0.874
Num non-zero elements: 10
Test accuracy for 1: 0.889
Num non-zero elements: 10
Test accuracy for 2: 0.924
Num non-zero elements: 10
Test accuracy for 6: 0.993
Num non-zero elements: 10
Test accuracy for 9: 0.963
Num non-zero elements: 20
Test accuracy for 0: 0.915
Num non-zero elements: 20
Test accuracy for 1: 0.958
Num non-zero elements: 20
Test accuracy for 2: 0.939
Num non-zero elements: 20
Test accuracy for 6: 0.992
Num non-zero elements: 20
Test accuracy for 9: 0.971
Num non-zero elements: 50
Test accuracy for 0: 0.943
Num non-zero elements: 50
Test accuracy for 1: 0.952
Num non-zero elements: 50
Test accuracy for 2: 0.94
Num non-zero elements: 50
Test accuracy for 6: 0.993
Num non-zero elements: 50
Test accuracy for 9: 0.979
Loading activations from artifacts/sparse_probing/google/gemma-2-2b/blocks.19.hook_resid_post/LabHC_bias_in_bios_class_set2_activations.pt
Num non-zero elements: 65536
Training probe with dim: 65536, device: cuda:0, dtype: torch.bfloat16
GPU probe training early stopping triggered after 12 epochs
Test accuracy for 11: 0.9630000591278076
Num non-zero elements: 65536
Training probe with dim: 65536, device: cuda:0, dtype: torch.bfloat16
GPU probe training early stopping triggered after 14 epochs
Test accuracy for 13: 0.9440000653266907
Num non-zero elements: 65536
Training probe with dim: 65536, device: cuda:0, dtype: torch.bfloat16
GPU probe training early stopping triggered after 19 epochs
Test accuracy for 14: 0.9670000672340393
Num non-zero elements: 65536
Training probe with dim: 65536, device: cuda:0, dtype: torch.bfloat16
GPU probe training early stopping triggered after 16 epochs
Test accuracy for 18: 0.9340000152587891
Num non-zero elements: 65536
Training probe with dim: 65536, device: cuda:0, dtype: torch.bfloat16
GPU probe training early stopping triggered after 20 epochs
Test accuracy for 19: 0.956000030040741
Num non-zero elements: 1
Test accuracy for 11: 0.848
Num non-zero elements: 1
Test accuracy for 13: 0.754
Num non-zero elements: 1
Test accuracy for 14: 0.908
Num non-zero elements: 1
Test accuracy for 18: 0.891
Num non-zero elements: 1
Test accuracy for 19: 0.879
Num non-zero elements: 2
Test accuracy for 11: 0.884
Num non-zero elements: 2
Test accuracy for 13: 0.767
Num non-zero elements: 2
Test accuracy for 14: 0.924
Num non-zero elements: 2
Test accuracy for 18: 0.877
Num non-zero elements: 2
Test accuracy for 19: 0.866
Num non-zero elements: 5
Test accuracy for 11: 0.948
Num non-zero elements: 5
Test accuracy for 13: 0.803
Num non-zero elements: 5
Test accuracy for 14: 0.926
Num non-zero elements: 5
Test accuracy for 18: 0.917
Num non-zero elements: 5
Test accuracy for 19: 0.877
Num non-zero elements: 10
Test accuracy for 11: 0.959
Num non-zero elements: 10
Test accuracy for 13: 0.918
Num non-zero elements: 10
Test accuracy for 14: 0.933
Num non-zero elements: 10
Test accuracy for 18: 0.916
Num non-zero elements: 10
Test accuracy for 19: 0.916
Num non-zero elements: 20
Test accuracy for 11: 0.957
Num non-zero elements: 20
Test accuracy for 13: 0.936
Num non-zero elements: 20
Test accuracy for 14: 0.939
Num non-zero elements: 20
Test accuracy for 18: 0.915
Num non-zero elements: 20
Test accuracy for 19: 0.947
Num non-zero elements: 50
Test accuracy for 11: 0.965
Num non-zero elements: 50
Test accuracy for 13: 0.945
Num non-zero elements: 50
Test accuracy for 14: 0.957
Num non-zero elements: 50
Test accuracy for 18: 0.933
Num non-zero elements: 50
Test accuracy for 19: 0.954
Loading activations from artifacts/sparse_probing/google/gemma-2-2b/blocks.19.hook_resid_post/LabHC_bias_in_bios_class_set3_activations.pt
Num non-zero elements: 65536
Training probe with dim: 65536, device: cuda:0, dtype: torch.bfloat16
GPU probe training early stopping triggered after 17 epochs
Test accuracy for 20: 0.9470000267028809
Num non-zero elements: 65536
Training probe with dim: 65536, device: cuda:0, dtype: torch.bfloat16
GPU probe training early stopping triggered after 15 epochs
Test accuracy for 21: 0.921000063419342
Num non-zero elements: 65536
Training probe with dim: 65536, device: cuda:0, dtype: torch.bfloat16
GPU probe training early stopping triggered after 13 epochs
Test accuracy for 22: 0.9150000214576721
Num non-zero elements: 65536
Training probe with dim: 65536, device: cuda:0, dtype: torch.bfloat16
GPU probe training early stopping triggered after 21 epochs
Test accuracy for 25: 0.9600000381469727
Num non-zero elements: 65536
Training probe with dim: 65536, device: cuda:0, dtype: torch.bfloat16
GPU probe training early stopping triggered after 20 epochs
Test accuracy for 26: 0.8890000581741333
Num non-zero elements: 1
Test accuracy for 20: 0.891
Num non-zero elements: 1
Test accuracy for 21: 0.8
Num non-zero elements: 1
Test accuracy for 22: 0.849
Num non-zero elements: 1
Test accuracy for 25: 0.865
Num non-zero elements: 1
Test accuracy for 26: 0.711
Num non-zero elements: 2
Test accuracy for 20: 0.891
Num non-zero elements: 2
Test accuracy for 21: 0.806
Num non-zero elements: 2
Test accuracy for 22: 0.856
Num non-zero elements: 2
Test accuracy for 25: 0.874
Num non-zero elements: 2
Test accuracy for 26: 0.724
Num non-zero elements: 5
Test accuracy for 20: 0.917
Num non-zero elements: 5
Test accuracy for 21: 0.847
Num non-zero elements: 5
Test accuracy for 22: 0.855
Num non-zero elements: 5
Test accuracy for 25: 0.928
Num non-zero elements: 5
Test accuracy for 26: 0.78
Num non-zero elements: 10
Test accuracy for 20: 0.938
Num non-zero elements: 10
Test accuracy for 21: 0.866
Num non-zero elements: 10
Test accuracy for 22: 0.88
Num non-zero elements: 10
Test accuracy for 25: 0.924
Num non-zero elements: 10
Test accuracy for 26: 0.804
Num non-zero elements: 20
Test accuracy for 20: 0.943
Num non-zero elements: 20
Test accuracy for 21: 0.877
Num non-zero elements: 20
Test accuracy for 22: 0.889
Num non-zero elements: 20
Test accuracy for 25: 0.952
Num non-zero elements: 20
Test accuracy for 26: 0.876
Num non-zero elements: 50
Test accuracy for 20: 0.95
Num non-zero elements: 50
Test accuracy for 21: 0.92
Num non-zero elements: 50
Test accuracy for 22: 0.907
Num non-zero elements: 50
Test accuracy for 25: 0.957
Num non-zero elements: 50
Test accuracy for 26: 0.9
Loading activations from artifacts/sparse_probing/google/gemma-2-2b/blocks.19.hook_resid_post/canrager_amazon_reviews_mcauley_1and5_activations.pt
Num non-zero elements: 65536
Training probe with dim: 65536, device: cuda:0, dtype: torch.bfloat16
GPU probe training early stopping triggered after 16 epochs
Test accuracy for 1: 0.9550000429153442
Num non-zero elements: 65536
Training probe with dim: 65536, device: cuda:0, dtype: torch.bfloat16
GPU probe training early stopping triggered after 18 epochs
Test accuracy for 2: 0.9480000734329224
Num non-zero elements: 65536
Training probe with dim: 65536, device: cuda:0, dtype: torch.bfloat16
GPU probe training early stopping triggered after 15 epochs
Test accuracy for 3: 0.9380000233650208
Num non-zero elements: 65536
Training probe with dim: 65536, device: cuda:0, dtype: torch.bfloat16
GPU probe training early stopping triggered after 15 epochs
Test accuracy for 5: 0.9360000491142273
Num non-zero elements: 65536
Training probe with dim: 65536, device: cuda:0, dtype: torch.bfloat16
GPU probe training early stopping triggered after 15 epochs
Test accuracy for 6: 0.8870000243186951
Num non-zero elements: 1
Test accuracy for 1: 0.857
Num non-zero elements: 1
Test accuracy for 2: 0.804
Num non-zero elements: 1
Test accuracy for 3: 0.648
Num non-zero elements: 1
Test accuracy for 5: 0.877
Num non-zero elements: 1
Test accuracy for 6: 0.695
Num non-zero elements: 2
Test accuracy for 1: 0.903
Num non-zero elements: 2
Test accuracy for 2: 0.869
Num non-zero elements: 2
Test accuracy for 3: 0.775
Num non-zero elements: 2
Test accuracy for 5: 0.893
Num non-zero elements: 2
Test accuracy for 6: 0.699
Num non-zero elements: 5
Test accuracy for 1: 0.923
Num non-zero elements: 5
Test accuracy for 2: 0.875
Num non-zero elements: 5
Test accuracy for 3: 0.79
Num non-zero elements: 5
Test accuracy for 5: 0.895
Num non-zero elements: 5
Test accuracy for 6: 0.723
Num non-zero elements: 10
Test accuracy for 1: 0.936
Num non-zero elements: 10
Test accuracy for 2: 0.893
Num non-zero elements: 10
Test accuracy for 3: 0.87
Num non-zero elements: 10
Test accuracy for 5: 0.894
Num non-zero elements: 10
Test accuracy for 6: 0.787
Num non-zero elements: 20
Test accuracy for 1: 0.932
Num non-zero elements: 20
Test accuracy for 2: 0.902
Num non-zero elements: 20
Test accuracy for 3: 0.878
Num non-zero elements: 20
Test accuracy for 5: 0.912
Num non-zero elements: 20
Test accuracy for 6: 0.829
Num non-zero elements: 50
Test accuracy for 1: 0.943
Num non-zero elements: 50
Test accuracy for 2: 0.913
Num non-zero elements: 50
Test accuracy for 3: 0.913
Num non-zero elements: 50
Test accuracy for 5: 0.92
Num non-zero elements: 50
Test accuracy for 6: 0.876
Loading activations from artifacts/sparse_probing/google/gemma-2-2b/blocks.19.hook_resid_post/canrager_amazon_reviews_mcauley_1and5_sentiment_activations.pt
Num non-zero elements: 65536
Training probe with dim: 65536, device: cuda:0, dtype: torch.bfloat16
GPU probe training early stopping triggered after 21 epochs
Test accuracy for 1.0: 0.9790000319480896
Num non-zero elements: 65536
Training probe with dim: 65536, device: cuda:0, dtype: torch.bfloat16
GPU probe training early stopping triggered after 39 epochs
Test accuracy for 5.0: 0.9770000576972961
Num non-zero elements: 1
Test accuracy for 1.0: 0.869
Num non-zero elements: 1
Test accuracy for 5.0: 0.869
Num non-zero elements: 2
Test accuracy for 1.0: 0.894
Num non-zero elements: 2
Test accuracy for 5.0: 0.894
Num non-zero elements: 5
Test accuracy for 1.0: 0.918
Num non-zero elements: 5
Test accuracy for 5.0: 0.918
Num non-zero elements: 10
Test accuracy for 1.0: 0.933
Num non-zero elements: 10
Test accuracy for 5.0: 0.933
Num non-zero elements: 20
Test accuracy for 1.0: 0.947
Num non-zero elements: 20
Test accuracy for 5.0: 0.947
Num non-zero elements: 50
Test accuracy for 1.0: 0.963
Num non-zero elements: 50
Test accuracy for 5.0: 0.963
Loading activations from artifacts/sparse_probing/google/gemma-2-2b/blocks.19.hook_resid_post/codeparrot_github-code_activations.pt
Num non-zero elements: 65536
Training probe with dim: 65536, device: cuda:0, dtype: torch.bfloat16
GPU probe training early stopping triggered after 25 epochs
Test accuracy for C: 0.9660000205039978
Num non-zero elements: 65536
Training probe with dim: 65536, device: cuda:0, dtype: torch.bfloat16
GPU probe training early stopping triggered after 16 epochs
Test accuracy for Python: 0.9880000352859497
Num non-zero elements: 65536
Training probe with dim: 65536, device: cuda:0, dtype: torch.bfloat16
GPU probe training early stopping triggered after 14 epochs
Test accuracy for HTML: 0.987000048160553
Num non-zero elements: 65536
Training probe with dim: 65536, device: cuda:0, dtype: torch.bfloat16
GPU probe training early stopping triggered after 15 epochs
Test accuracy for Java: 0.9780000448226929
Num non-zero elements: 65536
Training probe with dim: 65536, device: cuda:0, dtype: torch.bfloat16
GPU probe training early stopping triggered after 13 epochs
Test accuracy for PHP: 0.9580000638961792
Num non-zero elements: 1
Test accuracy for C: 0.743
Num non-zero elements: 1
Test accuracy for Python: 0.935
Num non-zero elements: 1
Test accuracy for HTML: 0.956
Num non-zero elements: 1
Test accuracy for Java: 0.843
Num non-zero elements: 1
Test accuracy for PHP: 0.926
Num non-zero elements: 2
Test accuracy for C: 0.779
Num non-zero elements: 2
Test accuracy for Python: 0.935
Num non-zero elements: 2
Test accuracy for HTML: 0.951
Num non-zero elements: 2
Test accuracy for Java: 0.867
Num non-zero elements: 2
Test accuracy for PHP: 0.923
Num non-zero elements: 5
Test accuracy for C: 0.811
Num non-zero elements: 5
Test accuracy for Python: 0.956
Num non-zero elements: 5
Test accuracy for HTML: 0.953
Num non-zero elements: 5
Test accuracy for Java: 0.877
Num non-zero elements: 5
Test accuracy for PHP: 0.922
Num non-zero elements: 10
Test accuracy for C: 0.893
Num non-zero elements: 10
Test accuracy for Python: 0.962
Num non-zero elements: 10
Test accuracy for HTML: 0.964
Num non-zero elements: 10
Test accuracy for Java: 0.888
Num non-zero elements: 10
Test accuracy for PHP: 0.935
Num non-zero elements: 20
Test accuracy for C: 0.937
Num non-zero elements: 20
Test accuracy for Python: 0.976
Num non-zero elements: 20
Test accuracy for HTML: 0.965
Num non-zero elements: 20
Test accuracy for Java: 0.944
Num non-zero elements: 20
Test accuracy for PHP: 0.939
Num non-zero elements: 50
Test accuracy for C: 0.947
Num non-zero elements: 50
Test accuracy for Python: 0.984
Num non-zero elements: 50
Test accuracy for HTML: 0.97
Num non-zero elements: 50
Test accuracy for Java: 0.945
Num non-zero elements: 50
Test accuracy for PHP: 0.941
Loading activations from artifacts/sparse_probing/google/gemma-2-2b/blocks.19.hook_resid_post/fancyzhx_ag_news_activations.pt
Num non-zero elements: 65536
Training probe with dim: 65536, device: cuda:0, dtype: torch.bfloat16
GPU probe training early stopping triggered after 13 epochs
Test accuracy for 0: 0.9270000457763672
Num non-zero elements: 65536
Training probe with dim: 65536, device: cuda:0, dtype: torch.bfloat16
GPU probe training early stopping triggered after 16 epochs
Test accuracy for 1: 0.9910000562667847
Num non-zero elements: 65536
Training probe with dim: 65536, device: cuda:0, dtype: torch.bfloat16
GPU probe training early stopping triggered after 29 epochs
Test accuracy for 2: 0.937000036239624
Num non-zero elements: 65536
Training probe with dim: 65536, device: cuda:0, dtype: torch.bfloat16
GPU probe training early stopping triggered after 17 epochs
Test accuracy for 3: 0.9420000314712524
Num non-zero elements: 1
Test accuracy for 0: 0.749
Num non-zero elements: 1
Test accuracy for 1: 0.916
Num non-zero elements: 1
Test accuracy for 2: 0.815
Num non-zero elements: 1
Test accuracy for 3: 0.652
Num non-zero elements: 2
Test accuracy for 0: 0.817
Num non-zero elements: 2
Test accuracy for 1: 0.967
Num non-zero elements: 2
Test accuracy for 2: 0.831
Num non-zero elements: 2
Test accuracy for 3: 0.77
Num non-zero elements: 5
Test accuracy for 0: 0.863
Num non-zero elements: 5
Test accuracy for 1: 0.979
Num non-zero elements: 5
Test accuracy for 2: 0.824
Num non-zero elements: 5
Test accuracy for 3: 0.856
Num non-zero elements: 10
Test accuracy for 0: 0.905
Num non-zero elements: 10
Test accuracy for 1: 0.982
Num non-zero elements: 10
Test accuracy for 2: 0.876
Num non-zero elements: 10
Test accuracy for 3: 0.881
Num non-zero elements: 20
Test accuracy for 0: 0.921
Num non-zero elements: 20
Test accuracy for 1: 0.985
Num non-zero elements: 20
Test accuracy for 2: 0.863
Num non-zero elements: 20
Test accuracy for 3: 0.911
Num non-zero elements: 50
Test accuracy for 0: 0.92
Num non-zero elements: 50
Test accuracy for 1: 0.984
Num non-zero elements: 50
Test accuracy for 2: 0.894
Num non-zero elements: 50
Test accuracy for 3: 0.935
Loading activations from artifacts/sparse_probing/google/gemma-2-2b/blocks.19.hook_resid_post/Helsinki-NLP_europarl_activations.pt
Num non-zero elements: 65536
Training probe with dim: 65536, device: cuda:0, dtype: torch.bfloat16
GPU probe training early stopping triggered after 11 epochs
Test accuracy for en: 0.9970000386238098
Num non-zero elements: 65536
Training probe with dim: 65536, device: cuda:0, dtype: torch.bfloat16
GPU probe training early stopping triggered after 12 epochs
Test accuracy for fr: 0.999000072479248
Num non-zero elements: 65536
Training probe with dim: 65536, device: cuda:0, dtype: torch.bfloat16
GPU probe training early stopping triggered after 12 epochs
Test accuracy for de: 1.0
Num non-zero elements: 65536
Training probe with dim: 65536, device: cuda:0, dtype: torch.bfloat16
GPU probe training early stopping triggered after 13 epochs
Test accuracy for es: 1.0
Num non-zero elements: 65536
Training probe with dim: 65536, device: cuda:0, dtype: torch.bfloat16
GPU probe training early stopping triggered after 11 epochs
Test accuracy for nl: 1.0
Num non-zero elements: 1
Test accuracy for en: 0.997
Num non-zero elements: 1
Test accuracy for fr: 0.996
Num non-zero elements: 1
Test accuracy for de: 1.0
Num non-zero elements: 1
Test accuracy for es: 0.993
Num non-zero elements: 1
Test accuracy for nl: 0.998
Num non-zero elements: 2
Test accuracy for en: 0.997
Num non-zero elements: 2
Test accuracy for fr: 0.996
Num non-zero elements: 2
Test accuracy for de: 0.999
Num non-zero elements: 2
Test accuracy for es: 0.995
Num non-zero elements: 2
Test accuracy for nl: 1.0
Num non-zero elements: 5
Test accuracy for en: 1.0
Num non-zero elements: 5
Test accuracy for fr: 0.997
Num non-zero elements: 5
Test accuracy for de: 1.0
Num non-zero elements: 5
Test accuracy for es: 0.996
Num non-zero elements: 5
Test accuracy for nl: 1.0
Num non-zero elements: 10
Test accuracy for en: 0.999
Num non-zero elements: 10
Test accuracy for fr: 0.999
Num non-zero elements: 10
Test accuracy for de: 1.0
Num non-zero elements: 10
Test accuracy for es: 0.999
Num non-zero elements: 10
Test accuracy for nl: 1.0
Num non-zero elements: 20
Test accuracy for en: 1.0
Num non-zero elements: 20
Test accuracy for fr: 1.0
Num non-zero elements: 20
Test accuracy for de: 0.999
Num non-zero elements: 20
Test accuracy for es: 0.999
Num non-zero elements: 20
Test accuracy for nl: 1.0
Num non-zero elements: 50
Test accuracy for en: 1.0
Num non-zero elements: 50
Test accuracy for fr: 1.0
Num non-zero elements: 50
Test accuracy for de: 0.998
Num non-zero elements: 50
Test accuracy for es: 0.999
Num non-zero elements: 50
Test accuracy for nl: 1.0

Running unlearning evaluation...
Loaded pretrained model google/gemma-2-2b-it into HookedTransformer
Running evaluation for SAE: google/gemma-2-2b_layer_19_sae_custom_sae
Sparsity calculation for google/gemma-2-2b_layer_19_sae_custom_sae is already done
Forget sparsity: [0.897051 0.587162 0.549825 ... 0.808562 0.831653 0.302943]
(2304,)
Retain sparsity: [0.831511 0.576512 0.59187  ... 0.777173 0.855445 0.198642]
(2304,)
Starting metrics calculation...
running on datasets: ['wmdp-bio', 'high_school_us_history', 'college_computer_science', 'high_school_geography', 'human_aging']
Calculating metrics for retain threshold: 0.001
Top features for ablation: []
Calculating metrics list with parameters: {'intervention_method': 'clamp_feature_activation'} {'features_to_ablate': [array([], dtype=int64), array([], dtype=int64)], 'multiplier': [25, 50, 100, 200]}
All target question ids for gemma-2-2b-it on wmdp-bio already exist. No need to generate target ids.
All target question ids for gemma-2-2b-it on high_school_us_history already exist. No need to generate target ids.
All target question ids for gemma-2-2b-it on college_computer_science already exist. No need to generate target ids.
All target question ids for gemma-2-2b-it on high_school_geography already exist. No need to generate target ids.
All target question ids for gemma-2-2b-it on human_aging already exist. No need to generate target ids.
Calculating metrics for retain threshold: 0.01
Top features for ablation: [398]
Calculating metrics list with parameters: {'intervention_method': 'clamp_feature_activation'} {'features_to_ablate': [array([398]), array([398])], 'multiplier': [25, 50, 100, 200]}
All target question ids for gemma-2-2b-it on wmdp-bio already exist. No need to generate target ids.
All target question ids for gemma-2-2b-it on high_school_us_history already exist. No need to generate target ids.
All target question ids for gemma-2-2b-it on college_computer_science already exist. No need to generate target ids.
All target question ids for gemma-2-2b-it on high_school_geography already exist. No need to generate target ids.
All target question ids for gemma-2-2b-it on human_aging already exist. No need to generate target ids.
Unlearning scores DataFrame:    wmdp-bio  high_school_us_history  ...  multiplier  all_side_effects_mcq
0       1.0                     1.0  ...         100                   1.0
1       1.0                     1.0  ...          25                   1.0
2       1.0                     1.0  ...         100                   1.0
3       1.0                     1.0  ...         200                   1.0
4       1.0                     1.0  ...          50                   1.0
5       1.0                     1.0  ...          50                   1.0
6       1.0                     1.0  ...         200                   1.0
7       1.0                     1.0  ...          25                   1.0

[8 rows x 10 columns]
